<?xml version="1.0" encoding="UTF-8"?>
<testsuite name="com.example.wordsjourney.WordsJourneyApplicationTests" tests="1" skipped="0" failures="0" errors="0" timestamp="2025-11-06T16:05:47" hostname="MAZEN_PC" time="0.806">
  <properties/>
  <testcase name="contextLoads()" classname="com.example.wordsjourney.WordsJourneyApplicationTests" time="0.806"/>
  <system-out><![CDATA[18:05:45.822 [Test worker] INFO org.springframework.test.context.support.AnnotationConfigContextLoaderUtils -- Could not detect default configuration classes for test class [com.example.wordsjourney.WordsJourneyApplicationTests]: WordsJourneyApplicationTests does not declare any static, non-private, non-final, nested classes annotated with @Configuration.
18:05:45.893 [Test worker] INFO org.springframework.boot.test.context.SpringBootTestContextBootstrapper -- Found @SpringBootConfiguration com.example.wordsjourney.WordsJourneyApplication for test class com.example.wordsjourney.WordsJourneyApplicationTests

  .   ____          _            __ _ _
 /\\ / ___'_ __ _ _(_)_ __  __ _ \ \ \ \
( ( )\___ | '_ | '_| | '_ \/ _` | \ \ \ \
 \\/  ___)| |_)| | | | | || (_| |  ) ) ) )
  '  |____| .__|_| |_|_| |_\__, | / / / /
 =========|_|==============|___/=/_/_/_/

 :: Spring Boot ::                (v3.3.4)

2025-11-06T18:05:46.180+02:00  WARN 23880 --- [WordsJourney] [    Test worker] ory$DuplicateJsonObjectContextCustomizer : 

Found multiple occurrences of org.json.JSONObject on the class path:

	jar:file:/C:/Users/mazen/.gradle/caches/modules-2/files-2.1/org.json/json/20231013/e22e0c040fe16f04ffdb85d851d77b07fc05ea52/json-20231013.jar!/org/json/JSONObject.class
	jar:file:/C:/Users/mazen/.gradle/caches/modules-2/files-2.1/com.vaadin.external.google/android-json/0.0.20131108.vaadin1/fa26d351fe62a6a17f5cda1287c1c6110dec413f/android-json-0.0.20131108.vaadin1.jar!/org/json/JSONObject.class

You may wish to exclude one of them to ensure predictable runtime behavior

2025-11-06T18:05:46.191+02:00  INFO 23880 --- [WordsJourney] [    Test worker] c.e.w.WordsJourneyApplicationTests       : Starting WordsJourneyApplicationTests using Java 21.0.9 with PID 23880 (started by mazen in C:\Work\Ireland Work\ai task\Re7latElKalemat)
2025-11-06T18:05:46.192+02:00  INFO 23880 --- [WordsJourney] [    Test worker] c.e.w.WordsJourneyApplicationTests       : No active profile set, falling back to 1 default profile: "default"
2025-11-06T18:05:46.901+02:00  WARN 23880 --- [WordsJourney] [    Test worker] trationDelegate$BeanPostProcessorChecker : Bean 'org.springframework.ws.config.annotation.DelegatingWsConfiguration' of type [org.springframework.ws.config.annotation.DelegatingWsConfiguration$$SpringCGLIB$$0] is not eligible for getting processed by all BeanPostProcessors (for example: not eligible for auto-proxying). The currently created BeanPostProcessor [annotationActionEndpointMapping] is declared through a non-static factory method on that class; consider declaring it as static instead.
2025-11-06T18:05:46.933+02:00  INFO 23880 --- [WordsJourney] [    Test worker] .w.s.a.s.AnnotationActionEndpointMapping : Supporting [WS-Addressing August 2004, WS-Addressing 1.0]
2025-11-06T18:05:47.600+02:00  INFO 23880 --- [WordsJourney] [    Test worker] c.e.w.WordsJourneyApplicationTests       : Started WordsJourneyApplicationTests in 1.582 seconds (process running for 2.96)
]]></system-out>
  <system-err><![CDATA[WARNING: A Java agent has been loaded dynamically (C:\Users\mazen\.gradle\caches\modules-2\files-2.1\net.bytebuddy\byte-buddy-agent\1.14.19\154da3a65b4f4a909d3e5bdec55d1b2b4cbb6ce1\byte-buddy-agent-1.14.19.jar)
WARNING: If a serviceability tool is in use, please run with -XX:+EnableDynamicAgentLoading to hide this warning
WARNING: If a serviceability tool is not in use, please run with -Djdk.instrument.traceUsage for more information
WARNING: Dynamic loading of agents will be disallowed by default in a future release
]]></system-err>
</testsuite>
